<?xml version="1.0" encoding="UTF-8"?>
<!-- Generated by org.testng.reporters.JUnitReportReporter -->
<testsuite hostname="LAPTOP-KA9VHP1F" failures="0" tests="2" name="testrunner.Testrunner" time="46.871" errors="0" timestamp="2023-05-16T21:07:56 IST" skipped="0">
  <testcase classname="testrunner.Testrunner" name="runScenario" time="25.918"/>
  <system-out/>
  <testcase classname="testrunner.Testrunner" name="runScenario" time="20.953"/>
  <system-out/>
</testsuite> <!-- testrunner.Testrunner -->
